{"C:\\wamp64\\www\\PROJET3\\citylink-back\\src\\app.js": {"path":"C:\\wamp64\\www\\PROJET3\\citylink-back\\src\\app.js","statementMap":{"0":{"start":{"line":1,"column":16},"end":{"line":1,"column":34}},"1":{"start":{"line":2,"column":13},"end":{"line":2,"column":28}},"2":{"start":{"line":3,"column":19},"end":{"line":3,"column":50}},"3":{"start":{"line":5,"column":12},"end":{"line":5,"column":21}},"4":{"start":{"line":8,"column":0},"end":{"line":8,"column":16}},"5":{"start":{"line":9,"column":0},"end":{"line":9,"column":24}},"6":{"start":{"line":10,"column":0},"end":{"line":10,"column":48}},"7":{"start":{"line":13,"column":0},"end":{"line":15,"column":3}},"8":{"start":{"line":14,"column":2},"end":{"line":14,"column":57}},"9":{"start":{"line":18,"column":0},"end":{"line":18,"column":34}},"10":{"start":{"line":21,"column":0},"end":{"line":28,"column":3}},"11":{"start":{"line":22,"column":2},"end":{"line":22,"column":27}},"12":{"start":{"line":23,"column":2},"end":{"line":26,"column":5}},"13":{"start":{"line":31,"column":0},"end":{"line":31,"column":42}},"14":{"start":{"line":32,"column":22},"end":{"line":32,"column":55}},"15":{"start":{"line":33,"column":0},"end":{"line":33,"column":32}},"16":{"start":{"line":34,"column":0},"end":{"line":34,"column":40}},"17":{"start":{"line":36,"column":0},"end":{"line":36,"column":21}}},"fnMap":{"0":{"name":"(anonymous_0)","decl":{"start":{"line":13,"column":13},"end":{"line":13,"column":14}},"loc":{"start":{"line":13,"column":27},"end":{"line":15,"column":1}},"line":13},"1":{"name":"(anonymous_1)","decl":{"start":{"line":21,"column":8},"end":{"line":21,"column":9}},"loc":{"start":{"line":21,"column":33},"end":{"line":28,"column":1}},"line":21}},"branchMap":{"0":{"loc":{"start":{"line":25,"column":11},"end":{"line":25,"column":59}},"type":"cond-expr","locations":[{"start":{"line":25,"column":51},"end":{"line":25,"column":53}},{"start":{"line":25,"column":56},"end":{"line":25,"column":59}}],"line":25}},"s":{"0":1,"1":1,"2":1,"3":1,"4":1,"5":1,"6":1,"7":1,"8":0,"9":1,"10":1,"11":0,"12":0,"13":1,"14":1,"15":1,"16":1,"17":1},"f":{"0":0,"1":0},"b":{"0":[0,0]},"_coverageSchema":"1a1c01bbd47fc00a2c39e90264f33305004495a9","hash":"b4d10c4f767a6019275ca3561369b1ef1f835cc8"}
,"C:\\wamp64\\www\\PROJET3\\citylink-back\\src\\config\\db.js": {"path":"C:\\wamp64\\www\\PROJET3\\citylink-back\\src\\config\\db.js","statementMap":{"0":{"start":{"line":1,"column":14},"end":{"line":1,"column":39}},"1":{"start":{"line":4,"column":13},"end":{"line":12,"column":2}},"2":{"start":{"line":16,"column":2},"end":{"line":24,"column":3}},"3":{"start":{"line":17,"column":23},"end":{"line":17,"column":49}},"4":{"start":{"line":18,"column":4},"end":{"line":18,"column":60}},"5":{"start":{"line":19,"column":4},"end":{"line":19,"column":25}},"6":{"start":{"line":20,"column":4},"end":{"line":20,"column":16}},"7":{"start":{"line":22,"column":4},"end":{"line":22,"column":71}},"8":{"start":{"line":23,"column":4},"end":{"line":23,"column":17}},"9":{"start":{"line":27,"column":0},"end":{"line":27,"column":42}}},"fnMap":{"0":{"name":"testConnection","decl":{"start":{"line":15,"column":15},"end":{"line":15,"column":29}},"loc":{"start":{"line":15,"column":32},"end":{"line":25,"column":1}},"line":15}},"branchMap":{"0":{"loc":{"start":{"line":5,"column":8},"end":{"line":5,"column":35}},"type":"binary-expr","locations":[{"start":{"line":5,"column":8},"end":{"line":5,"column":27}},{"start":{"line":5,"column":31},"end":{"line":5,"column":35}}],"line":5},"1":{"loc":{"start":{"line":6,"column":8},"end":{"line":6,"column":41}},"type":"binary-expr","locations":[{"start":{"line":6,"column":8},"end":{"line":6,"column":27}},{"start":{"line":6,"column":31},"end":{"line":6,"column":41}}],"line":6},"2":{"loc":{"start":{"line":7,"column":12},"end":{"line":7,"column":49}},"type":"binary-expr","locations":[{"start":{"line":7,"column":12},"end":{"line":7,"column":35}},{"start":{"line":7,"column":39},"end":{"line":7,"column":49}}],"line":7},"3":{"loc":{"start":{"line":8,"column":12},"end":{"line":8,"column":45}},"type":"binary-expr","locations":[{"start":{"line":8,"column":12},"end":{"line":8,"column":31}},{"start":{"line":8,"column":35},"end":{"line":8,"column":45}}],"line":8}},"s":{"0":1,"1":1,"2":0,"3":0,"4":0,"5":0,"6":0,"7":0,"8":0,"9":1},"f":{"0":0},"b":{"0":[1,1],"1":[1,1],"2":[1,1],"3":[1,1]},"_coverageSchema":"1a1c01bbd47fc00a2c39e90264f33305004495a9","hash":"290dbbf631e90627244403bb39e94d842ed1b011"}
,"C:\\wamp64\\www\\PROJET3\\citylink-back\\src\\controllers\\user.controller.js": {"path":"C:\\wamp64\\www\\PROJET3\\citylink-back\\src\\controllers\\user.controller.js","statementMap":{"0":{"start":{"line":1,"column":13},"end":{"line":1,"column":44}},"1":{"start":{"line":2,"column":15},"end":{"line":2,"column":34}},"2":{"start":{"line":3,"column":12},"end":{"line":3,"column":35}},"3":{"start":{"line":6,"column":0},"end":{"line":47,"column":2}},"4":{"start":{"line":7,"column":2},"end":{"line":46,"column":3}},"5":{"start":{"line":8,"column":62},"end":{"line":8,"column":70}},"6":{"start":{"line":11,"column":25},"end":{"line":11,"column":54}},"7":{"start":{"line":12,"column":4},"end":{"line":14,"column":5}},"8":{"start":{"line":13,"column":6},"end":{"line":13,"column":77}},"9":{"start":{"line":17,"column":17},"end":{"line":24,"column":6}},"10":{"start":{"line":27,"column":18},"end":{"line":31,"column":5}},"11":{"start":{"line":33,"column":4},"end":{"line":43,"column":7}},"12":{"start":{"line":45,"column":4},"end":{"line":45,"column":16}},"13":{"start":{"line":50,"column":0},"end":{"line":87,"column":2}},"14":{"start":{"line":51,"column":2},"end":{"line":86,"column":3}},"15":{"start":{"line":52,"column":32},"end":{"line":52,"column":40}},"16":{"start":{"line":55,"column":17},"end":{"line":55,"column":46}},"17":{"start":{"line":56,"column":4},"end":{"line":58,"column":5}},"18":{"start":{"line":57,"column":6},"end":{"line":57,"column":82}},"19":{"start":{"line":61,"column":20},"end":{"line":61,"column":65}},"20":{"start":{"line":62,"column":4},"end":{"line":64,"column":5}},"21":{"start":{"line":63,"column":6},"end":{"line":63,"column":82}},"22":{"start":{"line":67,"column":18},"end":{"line":71,"column":5}},"23":{"start":{"line":73,"column":4},"end":{"line":83,"column":7}},"24":{"start":{"line":85,"column":4},"end":{"line":85,"column":16}},"25":{"start":{"line":90,"column":0},"end":{"line":105,"column":2}},"26":{"start":{"line":91,"column":2},"end":{"line":104,"column":3}},"27":{"start":{"line":92,"column":17},"end":{"line":92,"column":51}},"28":{"start":{"line":94,"column":4},"end":{"line":96,"column":5}},"29":{"start":{"line":95,"column":6},"end":{"line":95,"column":73}},"30":{"start":{"line":99,"column":38},"end":{"line":99,"column":42}},"31":{"start":{"line":101,"column":4},"end":{"line":101,"column":23}},"32":{"start":{"line":103,"column":4},"end":{"line":103,"column":16}},"33":{"start":{"line":108,"column":0},"end":{"line":118,"column":2}},"34":{"start":{"line":109,"column":2},"end":{"line":117,"column":3}},"35":{"start":{"line":110,"column":18},"end":{"line":110,"column":50}},"36":{"start":{"line":111,"column":19},"end":{"line":111,"column":50}},"37":{"start":{"line":113,"column":18},"end":{"line":113,"column":50}},"38":{"start":{"line":114,"column":4},"end":{"line":114,"column":20}},"39":{"start":{"line":116,"column":4},"end":{"line":116,"column":16}},"40":{"start":{"line":121,"column":0},"end":{"line":148,"column":2}},"41":{"start":{"line":122,"column":2},"end":{"line":147,"column":3}},"42":{"start":{"line":123,"column":19},"end":{"line":123,"column":32}},"43":{"start":{"line":126,"column":4},"end":{"line":128,"column":5}},"44":{"start":{"line":127,"column":6},"end":{"line":127,"column":90}},"45":{"start":{"line":130,"column":61},"end":{"line":130,"column":69}},"46":{"start":{"line":132,"column":20},"end":{"line":138,"column":6}},"47":{"start":{"line":140,"column":4},"end":{"line":142,"column":5}},"48":{"start":{"line":141,"column":6},"end":{"line":141,"column":73}},"49":{"start":{"line":144,"column":4},"end":{"line":144,"column":64}},"50":{"start":{"line":146,"column":4},"end":{"line":146,"column":16}},"51":{"start":{"line":151,"column":0},"end":{"line":170,"column":2}},"52":{"start":{"line":152,"column":2},"end":{"line":169,"column":3}},"53":{"start":{"line":153,"column":45},"end":{"line":153,"column":53}},"54":{"start":{"line":154,"column":19},"end":{"line":154,"column":30}},"55":{"start":{"line":157,"column":17},"end":{"line":157,"column":44}},"56":{"start":{"line":158,"column":20},"end":{"line":158,"column":72}},"57":{"start":{"line":160,"column":4},"end":{"line":162,"column":5}},"58":{"start":{"line":161,"column":6},"end":{"line":161,"column":80}},"59":{"start":{"line":164,"column":4},"end":{"line":164,"column":51}},"60":{"start":{"line":166,"column":4},"end":{"line":166,"column":62}},"61":{"start":{"line":168,"column":4},"end":{"line":168,"column":16}},"62":{"start":{"line":173,"column":0},"end":{"line":192,"column":2}},"63":{"start":{"line":174,"column":2},"end":{"line":191,"column":3}},"64":{"start":{"line":175,"column":19},"end":{"line":175,"column":32}},"65":{"start":{"line":178,"column":4},"end":{"line":180,"column":5}},"66":{"start":{"line":179,"column":6},"end":{"line":179,"column":91}},"67":{"start":{"line":182,"column":20},"end":{"line":182,"column":45}},"68":{"start":{"line":184,"column":4},"end":{"line":186,"column":5}},"69":{"start":{"line":185,"column":6},"end":{"line":185,"column":73}},"70":{"start":{"line":188,"column":4},"end":{"line":188,"column":62}},"71":{"start":{"line":190,"column":4},"end":{"line":190,"column":16}},"72":{"start":{"line":195,"column":0},"end":{"line":202,"column":2}},"73":{"start":{"line":196,"column":2},"end":{"line":201,"column":3}},"74":{"start":{"line":197,"column":18},"end":{"line":197,"column":43}},"75":{"start":{"line":198,"column":4},"end":{"line":198,"column":20}},"76":{"start":{"line":200,"column":4},"end":{"line":200,"column":16}},"77":{"start":{"line":205,"column":0},"end":{"line":213,"column":2}},"78":{"start":{"line":206,"column":2},"end":{"line":212,"column":3}},"79":{"start":{"line":208,"column":38},"end":{"line":208,"column":46}},"80":{"start":{"line":209,"column":4},"end":{"line":209,"column":23}},"81":{"start":{"line":211,"column":4},"end":{"line":211,"column":16}}},"fnMap":{"0":{"name":"(anonymous_0)","decl":{"start":{"line":6,"column":19},"end":{"line":6,"column":20}},"loc":{"start":{"line":6,"column":45},"end":{"line":47,"column":1}},"line":6},"1":{"name":"(anonymous_1)","decl":{"start":{"line":50,"column":16},"end":{"line":50,"column":17}},"loc":{"start":{"line":50,"column":42},"end":{"line":87,"column":1}},"line":50},"2":{"name":"(anonymous_2)","decl":{"start":{"line":90,"column":22},"end":{"line":90,"column":23}},"loc":{"start":{"line":90,"column":48},"end":{"line":105,"column":1}},"line":90},"3":{"name":"(anonymous_3)","decl":{"start":{"line":108,"column":22},"end":{"line":108,"column":23}},"loc":{"start":{"line":108,"column":48},"end":{"line":118,"column":1}},"line":108},"4":{"name":"(anonymous_4)","decl":{"start":{"line":121,"column":21},"end":{"line":121,"column":22}},"loc":{"start":{"line":121,"column":47},"end":{"line":148,"column":1}},"line":121},"5":{"name":"(anonymous_5)","decl":{"start":{"line":151,"column":25},"end":{"line":151,"column":26}},"loc":{"start":{"line":151,"column":51},"end":{"line":170,"column":1}},"line":151},"6":{"name":"(anonymous_6)","decl":{"start":{"line":173,"column":21},"end":{"line":173,"column":22}},"loc":{"start":{"line":173,"column":47},"end":{"line":192,"column":1}},"line":173},"7":{"name":"(anonymous_7)","decl":{"start":{"line":195,"column":23},"end":{"line":195,"column":24}},"loc":{"start":{"line":195,"column":49},"end":{"line":202,"column":1}},"line":195},"8":{"name":"(anonymous_8)","decl":{"start":{"line":205,"column":21},"end":{"line":205,"column":22}},"loc":{"start":{"line":205,"column":47},"end":{"line":213,"column":1}},"line":205}},"branchMap":{"0":{"loc":{"start":{"line":12,"column":4},"end":{"line":14,"column":5}},"type":"if","locations":[{"start":{"line":12,"column":4},"end":{"line":14,"column":5}},{"start":{},"end":{}}],"line":12},"1":{"loc":{"start":{"line":29,"column":6},"end":{"line":29,"column":49}},"type":"binary-expr","locations":[{"start":{"line":29,"column":6},"end":{"line":29,"column":28}},{"start":{"line":29,"column":32},"end":{"line":29,"column":49}}],"line":29},"2":{"loc":{"start":{"line":56,"column":4},"end":{"line":58,"column":5}},"type":"if","locations":[{"start":{"line":56,"column":4},"end":{"line":58,"column":5}},{"start":{},"end":{}}],"line":56},"3":{"loc":{"start":{"line":62,"column":4},"end":{"line":64,"column":5}},"type":"if","locations":[{"start":{"line":62,"column":4},"end":{"line":64,"column":5}},{"start":{},"end":{}}],"line":62},"4":{"loc":{"start":{"line":69,"column":6},"end":{"line":69,"column":49}},"type":"binary-expr","locations":[{"start":{"line":69,"column":6},"end":{"line":69,"column":28}},{"start":{"line":69,"column":32},"end":{"line":69,"column":49}}],"line":69},"5":{"loc":{"start":{"line":94,"column":4},"end":{"line":96,"column":5}},"type":"if","locations":[{"start":{"line":94,"column":4},"end":{"line":96,"column":5}},{"start":{},"end":{}}],"line":94},"6":{"loc":{"start":{"line":110,"column":18},"end":{"line":110,"column":50}},"type":"binary-expr","locations":[{"start":{"line":110,"column":18},"end":{"line":110,"column":43}},{"start":{"line":110,"column":47},"end":{"line":110,"column":50}}],"line":110},"7":{"loc":{"start":{"line":111,"column":19},"end":{"line":111,"column":50}},"type":"binary-expr","locations":[{"start":{"line":111,"column":19},"end":{"line":111,"column":45}},{"start":{"line":111,"column":49},"end":{"line":111,"column":50}}],"line":111},"8":{"loc":{"start":{"line":126,"column":4},"end":{"line":128,"column":5}},"type":"if","locations":[{"start":{"line":126,"column":4},"end":{"line":128,"column":5}},{"start":{},"end":{}}],"line":126},"9":{"loc":{"start":{"line":126,"column":8},"end":{"line":126,"column":78}},"type":"binary-expr","locations":[{"start":{"line":126,"column":8},"end":{"line":126,"column":52}},{"start":{"line":126,"column":56},"end":{"line":126,"column":78}}],"line":126},"10":{"loc":{"start":{"line":137,"column":15},"end":{"line":137,"column":66}},"type":"cond-expr","locations":[{"start":{"line":137,"column":40},"end":{"line":137,"column":47}},{"start":{"line":137,"column":50},"end":{"line":137,"column":66}}],"line":137},"11":{"loc":{"start":{"line":140,"column":4},"end":{"line":142,"column":5}},"type":"if","locations":[{"start":{"line":140,"column":4},"end":{"line":142,"column":5}},{"start":{},"end":{}}],"line":140},"12":{"loc":{"start":{"line":160,"column":4},"end":{"line":162,"column":5}},"type":"if","locations":[{"start":{"line":160,"column":4},"end":{"line":162,"column":5}},{"start":{},"end":{}}],"line":160},"13":{"loc":{"start":{"line":178,"column":4},"end":{"line":180,"column":5}},"type":"if","locations":[{"start":{"line":178,"column":4},"end":{"line":180,"column":5}},{"start":{},"end":{}}],"line":178},"14":{"loc":{"start":{"line":178,"column":8},"end":{"line":178,"column":78}},"type":"binary-expr","locations":[{"start":{"line":178,"column":8},"end":{"line":178,"column":52}},{"start":{"line":178,"column":56},"end":{"line":178,"column":78}}],"line":178},"15":{"loc":{"start":{"line":184,"column":4},"end":{"line":186,"column":5}},"type":"if","locations":[{"start":{"line":184,"column":4},"end":{"line":186,"column":5}},{"start":{},"end":{}}],"line":184}},"s":{"0":1,"1":1,"2":1,"3":1,"4":0,"5":0,"6":0,"7":0,"8":0,"9":0,"10":0,"11":0,"12":0,"13":1,"14":0,"15":0,"16":0,"17":0,"18":0,"19":0,"20":0,"21":0,"22":0,"23":0,"24":0,"25":1,"26":0,"27":0,"28":0,"29":0,"30":0,"31":0,"32":0,"33":1,"34":2,"35":2,"36":2,"37":2,"38":2,"39":0,"40":1,"41":0,"42":0,"43":0,"44":0,"45":0,"46":0,"47":0,"48":0,"49":0,"50":0,"51":1,"52":2,"53":2,"54":2,"55":2,"56":2,"57":2,"58":1,"59":1,"60":1,"61":0,"62":1,"63":0,"64":0,"65":0,"66":0,"67":0,"68":0,"69":0,"70":0,"71":0,"72":1,"73":0,"74":0,"75":0,"76":0,"77":1,"78":2,"79":2,"80":2,"81":0},"f":{"0":0,"1":0,"2":0,"3":2,"4":0,"5":2,"6":0,"7":0,"8":2},"b":{"0":[0,0],"1":[0,0],"2":[0,0],"3":[0,0],"4":[0,0],"5":[0,0],"6":[2,2],"7":[2,2],"8":[0,0],"9":[0,0],"10":[0,0],"11":[0,0],"12":[1,1],"13":[0,0],"14":[0,0],"15":[0,0]},"_coverageSchema":"1a1c01bbd47fc00a2c39e90264f33305004495a9","hash":"b1f9ddc71eb398f1590ece16224a92f59ee2f9b2"}
,"C:\\wamp64\\www\\PROJET3\\citylink-back\\src\\models\\user.model.js": {"path":"C:\\wamp64\\www\\PROJET3\\citylink-back\\src\\models\\user.model.js","statementMap":{"0":{"start":{"line":1,"column":17},"end":{"line":1,"column":40}},"1":{"start":{"line":2,"column":15},"end":{"line":2,"column":34}},"2":{"start":{"line":7,"column":19},"end":{"line":7,"column":76}},"3":{"start":{"line":8,"column":4},"end":{"line":8,"column":19}},"4":{"start":{"line":13,"column":19},"end":{"line":13,"column":82}},"5":{"start":{"line":14,"column":4},"end":{"line":14,"column":19}},"6":{"start":{"line":19,"column":71},"end":{"line":19,"column":79}},"7":{"start":{"line":21,"column":27},"end":{"line":21,"column":58}},"8":{"start":{"line":23,"column":21},"end":{"line":26,"column":5}},"9":{"start":{"line":28,"column":4},"end":{"line":28,"column":81}},"10":{"start":{"line":33,"column":61},"end":{"line":33,"column":69}},"11":{"start":{"line":35,"column":21},"end":{"line":38,"column":5}},"12":{"start":{"line":40,"column":4},"end":{"line":40,"column":35}},"13":{"start":{"line":45,"column":27},"end":{"line":45,"column":58}},"14":{"start":{"line":47,"column":21},"end":{"line":47,"column":104}},"15":{"start":{"line":49,"column":4},"end":{"line":49,"column":35}},"16":{"start":{"line":54,"column":21},"end":{"line":54,"column":76}},"17":{"start":{"line":55,"column":4},"end":{"line":55,"column":35}},"18":{"start":{"line":60,"column":19},"end":{"line":63,"column":5}},"19":{"start":{"line":64,"column":4},"end":{"line":64,"column":16}},"20":{"start":{"line":69,"column":19},"end":{"line":69,"column":61}},"21":{"start":{"line":70,"column":4},"end":{"line":70,"column":16}},"22":{"start":{"line":74,"column":0},"end":{"line":74,"column":22}}},"fnMap":{"0":{"name":"(anonymous_0)","decl":{"start":{"line":6,"column":2},"end":{"line":6,"column":3}},"loc":{"start":{"line":6,"column":28},"end":{"line":9,"column":3}},"line":6},"1":{"name":"(anonymous_1)","decl":{"start":{"line":12,"column":2},"end":{"line":12,"column":3}},"loc":{"start":{"line":12,"column":34},"end":{"line":15,"column":3}},"line":12},"2":{"name":"(anonymous_2)","decl":{"start":{"line":18,"column":2},"end":{"line":18,"column":3}},"loc":{"start":{"line":18,"column":32},"end":{"line":29,"column":3}},"line":18},"3":{"name":"(anonymous_3)","decl":{"start":{"line":32,"column":2},"end":{"line":32,"column":3}},"loc":{"start":{"line":32,"column":36},"end":{"line":41,"column":3}},"line":32},"4":{"name":"(anonymous_4)","decl":{"start":{"line":44,"column":2},"end":{"line":44,"column":3}},"loc":{"start":{"line":44,"column":44},"end":{"line":50,"column":3}},"line":44},"5":{"name":"(anonymous_5)","decl":{"start":{"line":53,"column":2},"end":{"line":53,"column":3}},"loc":{"start":{"line":53,"column":26},"end":{"line":56,"column":3}},"line":53},"6":{"name":"(anonymous_6)","decl":{"start":{"line":59,"column":2},"end":{"line":59,"column":3}},"loc":{"start":{"line":59,"column":47},"end":{"line":65,"column":3}},"line":59},"7":{"name":"(anonymous_7)","decl":{"start":{"line":68,"column":2},"end":{"line":68,"column":3}},"loc":{"start":{"line":68,"column":30},"end":{"line":71,"column":3}},"line":68}},"branchMap":{"0":{"loc":{"start":{"line":25,"column":28},"end":{"line":25,"column":43}},"type":"binary-expr","locations":[{"start":{"line":25,"column":28},"end":{"line":25,"column":35}},{"start":{"line":25,"column":39},"end":{"line":25,"column":43}}],"line":25},"1":{"loc":{"start":{"line":25,"column":68},"end":{"line":25,"column":80}},"type":"binary-expr","locations":[{"start":{"line":25,"column":68},"end":{"line":25,"column":75}},{"start":{"line":25,"column":79},"end":{"line":25,"column":80}}],"line":25},"2":{"loc":{"start":{"line":37,"column":28},"end":{"line":37,"column":43}},"type":"binary-expr","locations":[{"start":{"line":37,"column":28},"end":{"line":37,"column":35}},{"start":{"line":37,"column":39},"end":{"line":37,"column":43}}],"line":37},"3":{"loc":{"start":{"line":59,"column":22},"end":{"line":59,"column":33}},"type":"default-arg","locations":[{"start":{"line":59,"column":30},"end":{"line":59,"column":33}}],"line":59},"4":{"loc":{"start":{"line":59,"column":35},"end":{"line":59,"column":45}},"type":"default-arg","locations":[{"start":{"line":59,"column":44},"end":{"line":59,"column":45}}],"line":59}},"s":{"0":1,"1":1,"2":0,"3":0,"4":0,"5":0,"6":0,"7":0,"8":0,"9":0,"10":0,"11":0,"12":0,"13":0,"14":0,"15":0,"16":0,"17":0,"18":0,"19":0,"20":0,"21":0,"22":1},"f":{"0":0,"1":0,"2":0,"3":0,"4":0,"5":0,"6":0,"7":0},"b":{"0":[0,0],"1":[0,0],"2":[0,0],"3":[0],"4":[0]},"_coverageSchema":"1a1c01bbd47fc00a2c39e90264f33305004495a9","hash":"20bf83851854bbecf8e862a95956e49edfa74a0b"}
,"C:\\wamp64\\www\\PROJET3\\citylink-back\\src\\routes\\user.routes.js": {"path":"C:\\wamp64\\www\\PROJET3\\citylink-back\\src\\routes\\user.routes.js","statementMap":{"0":{"start":{"line":1,"column":16},"end":{"line":1,"column":34}},"1":{"start":{"line":2,"column":15},"end":{"line":2,"column":31}},"2":{"start":{"line":3,"column":23},"end":{"line":3,"column":64}},"3":{"start":{"line":4,"column":28},"end":{"line":4,"column":69}},"4":{"start":{"line":7,"column":0},"end":{"line":7,"column":50}},"5":{"start":{"line":8,"column":0},"end":{"line":8,"column":44}},"6":{"start":{"line":11,"column":0},"end":{"line":11,"column":56}},"7":{"start":{"line":12,"column":0},"end":{"line":12,"column":69}},"8":{"start":{"line":13,"column":0},"end":{"line":13,"column":56}},"9":{"start":{"line":16,"column":0},"end":{"line":16,"column":53}},"10":{"start":{"line":17,"column":0},"end":{"line":17,"column":52}},"11":{"start":{"line":18,"column":0},"end":{"line":18,"column":55}},"12":{"start":{"line":21,"column":0},"end":{"line":21,"column":55}},"13":{"start":{"line":23,"column":0},"end":{"line":23,"column":24}}},"fnMap":{},"branchMap":{},"s":{"0":1,"1":1,"2":1,"3":1,"4":1,"5":1,"6":1,"7":1,"8":1,"9":1,"10":1,"11":1,"12":1,"13":1},"f":{},"b":{},"_coverageSchema":"1a1c01bbd47fc00a2c39e90264f33305004495a9","hash":"5a0110b85e32001edded49e230c200360aa4d43c"}
}
