TN:
SF:src\app.js
FN:13,(anonymous_0)
FN:21,(anonymous_1)
FNF:2
FNH:0
FNDA:0,(anonymous_0)
FNDA:0,(anonymous_1)
DA:1,1
DA:2,1
DA:3,1
DA:5,1
DA:8,1
DA:9,1
DA:10,1
DA:13,1
DA:14,0
DA:18,1
DA:21,1
DA:22,0
DA:23,0
DA:31,1
DA:32,1
DA:33,1
DA:34,1
DA:36,1
LF:18
LH:15
BRDA:25,0,0,0
BRDA:25,0,1,0
BRF:2
BRH:0
end_of_record
TN:
SF:src\config\db.js
FN:15,testConnection
FNF:1
FNH:0
FNDA:0,testConnection
DA:1,1
DA:4,1
DA:16,0
DA:17,0
DA:18,0
DA:19,0
DA:20,0
DA:22,0
DA:23,0
DA:27,1
LF:10
LH:3
BRDA:5,0,0,1
BRDA:5,0,1,1
BRDA:6,1,0,1
BRDA:6,1,1,1
BRDA:7,2,0,1
BRDA:7,2,1,1
BRDA:8,3,0,1
BRDA:8,3,1,1
BRF:8
BRH:8
end_of_record
TN:
SF:src\controllers\user.controller.js
FN:6,(anonymous_0)
FN:50,(anonymous_1)
FN:90,(anonymous_2)
FN:108,(anonymous_3)
FN:121,(anonymous_4)
FN:151,(anonymous_5)
FN:173,(anonymous_6)
FN:195,(anonymous_7)
FN:205,(anonymous_8)
FNF:9
FNH:3
FNDA:0,(anonymous_0)
FNDA:0,(anonymous_1)
FNDA:0,(anonymous_2)
FNDA:2,(anonymous_3)
FNDA:0,(anonymous_4)
FNDA:2,(anonymous_5)
FNDA:0,(anonymous_6)
FNDA:0,(anonymous_7)
FNDA:2,(anonymous_8)
DA:1,1
DA:2,1
DA:3,1
DA:6,1
DA:7,0
DA:8,0
DA:11,0
DA:12,0
DA:13,0
DA:17,0
DA:27,0
DA:33,0
DA:45,0
DA:50,1
DA:51,0
DA:52,0
DA:55,0
DA:56,0
DA:57,0
DA:61,0
DA:62,0
DA:63,0
DA:67,0
DA:73,0
DA:85,0
DA:90,1
DA:91,0
DA:92,0
DA:94,0
DA:95,0
DA:99,0
DA:101,0
DA:103,0
DA:108,1
DA:109,2
DA:110,2
DA:111,2
DA:113,2
DA:114,2
DA:116,0
DA:121,1
DA:122,0
DA:123,0
DA:126,0
DA:127,0
DA:130,0
DA:132,0
DA:140,0
DA:141,0
DA:144,0
DA:146,0
DA:151,1
DA:152,2
DA:153,2
DA:154,2
DA:157,2
DA:158,2
DA:160,2
DA:161,1
DA:164,1
DA:166,1
DA:168,0
DA:173,1
DA:174,0
DA:175,0
DA:178,0
DA:179,0
DA:182,0
DA:184,0
DA:185,0
DA:188,0
DA:190,0
DA:195,1
DA:196,0
DA:197,0
DA:198,0
DA:200,0
DA:205,1
DA:206,2
DA:208,2
DA:209,2
DA:211,0
LF:82
LH:29
BRDA:12,0,0,0
BRDA:12,0,1,0
BRDA:29,1,0,0
BRDA:29,1,1,0
BRDA:56,2,0,0
BRDA:56,2,1,0
BRDA:62,3,0,0
BRDA:62,3,1,0
BRDA:69,4,0,0
BRDA:69,4,1,0
BRDA:94,5,0,0
BRDA:94,5,1,0
BRDA:110,6,0,2
BRDA:110,6,1,2
BRDA:111,7,0,2
BRDA:111,7,1,2
BRDA:126,8,0,0
BRDA:126,8,1,0
BRDA:126,9,0,0
BRDA:126,9,1,0
BRDA:137,10,0,0
BRDA:137,10,1,0
BRDA:140,11,0,0
BRDA:140,11,1,0
BRDA:160,12,0,1
BRDA:160,12,1,1
BRDA:178,13,0,0
BRDA:178,13,1,0
BRDA:178,14,0,0
BRDA:178,14,1,0
BRDA:184,15,0,0
BRDA:184,15,1,0
BRF:32
BRH:6
end_of_record
TN:
SF:src\models\user.model.js
FN:6,(anonymous_0)
FN:12,(anonymous_1)
FN:18,(anonymous_2)
FN:32,(anonymous_3)
FN:44,(anonymous_4)
FN:53,(anonymous_5)
FN:59,(anonymous_6)
FN:68,(anonymous_7)
FNF:8
FNH:0
FNDA:0,(anonymous_0)
FNDA:0,(anonymous_1)
FNDA:0,(anonymous_2)
FNDA:0,(anonymous_3)
FNDA:0,(anonymous_4)
FNDA:0,(anonymous_5)
FNDA:0,(anonymous_6)
FNDA:0,(anonymous_7)
DA:1,1
DA:2,1
DA:7,0
DA:8,0
DA:13,0
DA:14,0
DA:19,0
DA:21,0
DA:23,0
DA:28,0
DA:33,0
DA:35,0
DA:40,0
DA:45,0
DA:47,0
DA:49,0
DA:54,0
DA:55,0
DA:60,0
DA:64,0
DA:69,0
DA:70,0
DA:74,1
LF:23
LH:3
BRDA:25,0,0,0
BRDA:25,0,1,0
BRDA:25,1,0,0
BRDA:25,1,1,0
BRDA:37,2,0,0
BRDA:37,2,1,0
BRDA:59,3,0,0
BRDA:59,4,0,0
BRF:8
BRH:0
end_of_record
TN:
SF:src\routes\user.routes.js
FNF:0
FNH:0
DA:1,1
DA:2,1
DA:3,1
DA:4,1
DA:7,1
DA:8,1
DA:11,1
DA:12,1
DA:13,1
DA:16,1
DA:17,1
DA:18,1
DA:21,1
DA:23,1
LF:14
LH:14
BRF:0
BRH:0
end_of_record
